* installing *source* package ‘NATS’ ...
** using staged installation
** libs
clang -arch arm64 -I"/Library/Frameworks/R.framework/Resources/include" -DNDEBUG   -I/opt/R/arm64/include   -fPIC  -falign-functions=64 -Wall -g -O2  -c BandtPompe.c -o BandtPompe.o
BandtPompe.c:37:12: warning: unused variable 'j' [-Wunused-variable]
    int i, j, aux = 0;
           ^
1 warning generated.
clang -arch arm64 -I"/Library/Frameworks/R.framework/Resources/include" -DNDEBUG   -I/opt/R/arm64/include   -fPIC  -falign-functions=64 -Wall -g -O2  -c NATS_init.c -o NATS_init.o
clang -arch arm64 -dynamiclib -Wl,-headerpad_max_install_names -undefined dynamic_lookup -single_module -multiply_defined suppress -L/Library/Frameworks/R.framework/Resources/lib -L/opt/R/arm64/lib -o NATS.so BandtPompe.o NATS_init.o -F/Library/Frameworks/R.framework/.. -framework R -Wl,-framework -Wl,CoreFoundation
ld: warning: -undefined dynamic_lookup may not work with chained fixups
installing to /Users/eduarda_chagas/Documents/Codes/NATS_packages/NATS.Rcheck/00LOCK-NATS/00new/NATS/libs
** R
** byte-compile and prepare package for lazy loading
** help
*** installing help indices
** building package indices
** testing if installed package can be loaded from temporary location
** checking absolute paths in shared objects and dynamic libraries
** testing if installed package can be loaded from final location
** testing if installed package keeps a record of temporary installation path
* DONE (NATS)
